<?xml version="1.0" encoding="UTF-8"?>
<testsuite name="uk.gov.hmcts.futurehearings.snl.acceptance.hearings.POSTHearingsValidationTest" tests="27" skipped="0" failures="0" errors="0" timestamp="2020-12-10T15:20:00" hostname="Pettedsons-MBP.broadband" time="1.743">
  <properties/>
  <testcase name="Mandatory Keys truncated from the Header - Key : Accept" classname="uk.gov.hmcts.futurehearings.snl.acceptance.hearings.POSTHearingsValidationTest" time="1.463"/>
  <testcase name="API call with Standard Header but unimplemented METHOD" classname="uk.gov.hmcts.futurehearings.snl.acceptance.hearings.POSTHearingsValidationTest" time="0.01"/>
  <testcase name="API call with Standard Header but slight Error URL" classname="uk.gov.hmcts.futurehearings.snl.acceptance.hearings.POSTHearingsValidationTest" time="0.009"/>
  <testcase name="Request Created At System Header invalid values - Param : Null_Value --&gt; null" classname="uk.gov.hmcts.futurehearings.snl.acceptance.hearings.POSTHearingsValidationTest" time="0.011"/>
  <testcase name="Request Created At System Header invalid values - Param : Empty_Space --&gt; &quot; &quot;" classname="uk.gov.hmcts.futurehearings.snl.acceptance.hearings.POSTHearingsValidationTest" time="0.007"/>
  <testcase name="Request Created At System Header invalid values - Param : Invalid_Value --&gt; value" classname="uk.gov.hmcts.futurehearings.snl.acceptance.hearings.POSTHearingsValidationTest" time="0.017"/>
  <testcase name="Request Created At System Header invalid values - Param : Invalid_Date_Format --&gt; 2002-02-31T10:00:30-05:00Z" classname="uk.gov.hmcts.futurehearings.snl.acceptance.hearings.POSTHearingsValidationTest" time="0.01"/>
  <testcase name="Request Created At System Header invalid values - Param : Invalid_Date_Format --&gt; 2002-02-31T1000:30-05:00" classname="uk.gov.hmcts.futurehearings.snl.acceptance.hearings.POSTHearingsValidationTest" time="0.008"/>
  <testcase name="Request Created At System Header invalid values - Param : Invalid_Date_Format --&gt; 2002-02-31T10:00-30-05:00" classname="uk.gov.hmcts.futurehearings.snl.acceptance.hearings.POSTHearingsValidationTest" time="0.006"/>
  <testcase name="Request Created At System Header invalid values - Param : Invalid_Date_Format --&gt; 2002-10-02T15:00:00*05Z" classname="uk.gov.hmcts.futurehearings.snl.acceptance.hearings.POSTHearingsValidationTest" time="0.005"/>
  <testcase name="Request Created At System Header invalid values - Param : Invalid_Date_Format --&gt; 2002-10-02T15:00?0005Z" classname="uk.gov.hmcts.futurehearings.snl.acceptance.hearings.POSTHearingsValidationTest" time="0.005"/>
  <testcase name="Request Created At System Header invalid values - Param : Invalid_Date_Format --&gt; 2002-10-02 15:00:00" classname="uk.gov.hmcts.futurehearings.snl.acceptance.hearings.POSTHearingsValidationTest" time="0.009"/>
  <testcase name="Headers with all empty and null values" classname="uk.gov.hmcts.futurehearings.snl.acceptance.hearings.POSTHearingsValidationTest" time="0.008"/>
  <testcase name="Source System Header invalid values - Param : Null_Value --&gt; null" classname="uk.gov.hmcts.futurehearings.snl.acceptance.hearings.POSTHearingsValidationTest" time="0.009"/>
  <testcase name="Source System Header invalid values - Param : Empty_Space --&gt; " classname="uk.gov.hmcts.futurehearings.snl.acceptance.hearings.POSTHearingsValidationTest" time="0.006"/>
  <testcase name="Source System Header invalid values - Param : Invalid_Source_System --&gt; SNL" classname="uk.gov.hmcts.futurehearings.snl.acceptance.hearings.POSTHearingsValidationTest" time="0.006"/>
  <testcase name="Source System Header invalid values - Param : Invalid_Source_System --&gt; CfT" classname="uk.gov.hmcts.futurehearings.snl.acceptance.hearings.POSTHearingsValidationTest" time="0.005"/>
  <testcase name="Source System Header invalid values - Param : Invalid_Source_System --&gt; S&amp;amp;L" classname="uk.gov.hmcts.futurehearings.snl.acceptance.hearings.POSTHearingsValidationTest" time="0.012"/>
  <testcase name="Destination System Header with invalid values - Param : Null_Value --&gt; null" classname="uk.gov.hmcts.futurehearings.snl.acceptance.hearings.POSTHearingsValidationTest" time="0.008"/>
  <testcase name="Destination System Header with invalid values - Param : Empty_Space --&gt; " classname="uk.gov.hmcts.futurehearings.snl.acceptance.hearings.POSTHearingsValidationTest" time="0.011"/>
  <testcase name="Destination System Header with invalid values - Param : Invalid_Destination_System --&gt; SNL" classname="uk.gov.hmcts.futurehearings.snl.acceptance.hearings.POSTHearingsValidationTest" time="0.007"/>
  <testcase name="Destination System Header with invalid values - Param : Invalid_Destination_System --&gt; S&amp;amp;L" classname="uk.gov.hmcts.futurehearings.snl.acceptance.hearings.POSTHearingsValidationTest" time="0.006"/>
  <testcase name="Destination System Header with invalid values - Param : Invalid_Destination_System --&gt; CfT" classname="uk.gov.hmcts.futurehearings.snl.acceptance.hearings.POSTHearingsValidationTest" time="0.006"/>
  <testcase name="Successfully validated response with a valid payload but a ,charset appended to the Content-Type" classname="uk.gov.hmcts.futurehearings.snl.acceptance.hearings.POSTHearingsValidationTest" time="0.008"/>
  <testcase name="Successfully validated response with mandatory header values" classname="uk.gov.hmcts.futurehearings.snl.acceptance.hearings.POSTHearingsValidationTest" time="0.005"/>
  <testcase name="Successfully validated response with all the header values" classname="uk.gov.hmcts.futurehearings.snl.acceptance.hearings.POSTHearingsValidationTest" time="0.008"/>
  <testcase name="Successfully validated response with an empty payload" classname="uk.gov.hmcts.futurehearings.snl.acceptance.hearings.POSTHearingsValidationTest" time="0.007"/>
  <system-out><![CDATA[2020-12-10 15:19:54.778  INFO 17125 --- [    Test worker] .b.t.c.SpringBootTestContextBootstrapper : Neither @ContextConfiguration nor @ContextHierarchy found for test class [uk.gov.hmcts.futurehearings.snl.acceptance.hearings.POSTHearingsValidationTest], using SpringBootContextLoader
2020-12-10 15:19:54.779  INFO 17125 --- [    Test worker] o.s.t.c.support.AbstractContextLoader    : Could not detect default resource locations for test class [uk.gov.hmcts.futurehearings.snl.acceptance.hearings.POSTHearingsValidationTest]: no resource found for suffixes {-context.xml, Context.groovy}.
2020-12-10 15:19:54.784  INFO 17125 --- [    Test worker] .b.t.c.SpringBootTestContextBootstrapper : Loaded default TestExecutionListener class names from location [META-INF/spring.factories]: [org.springframework.boot.test.autoconfigure.restdocs.RestDocsTestExecutionListener, org.springframework.boot.test.autoconfigure.web.client.MockRestServiceServerResetTestExecutionListener, org.springframework.boot.test.autoconfigure.web.servlet.MockMvcPrintOnlyOnFailureTestExecutionListener, org.springframework.boot.test.autoconfigure.web.servlet.WebDriverTestExecutionListener, org.springframework.boot.test.autoconfigure.webservices.client.MockWebServiceServerTestExecutionListener, org.springframework.boot.test.mock.mockito.MockitoTestExecutionListener, org.springframework.boot.test.mock.mockito.ResetMocksTestExecutionListener, org.springframework.test.context.web.ServletTestExecutionListener, org.springframework.test.context.support.DirtiesContextBeforeModesTestExecutionListener, org.springframework.test.context.support.DependencyInjectionTestExecutionListener, org.springframework.test.context.support.DirtiesContextTestExecutionListener, org.springframework.test.context.transaction.TransactionalTestExecutionListener, org.springframework.test.context.jdbc.SqlScriptsTestExecutionListener, org.springframework.test.context.event.EventPublishingTestExecutionListener]
2020-12-10 15:19:54.786  INFO 17125 --- [    Test worker] .b.t.c.SpringBootTestContextBootstrapper : Using TestExecutionListeners: [org.springframework.test.context.web.ServletTestExecutionListener@45d2ff65, org.springframework.test.context.support.DirtiesContextBeforeModesTestExecutionListener@1c701713, org.springframework.boot.test.mock.mockito.MockitoTestExecutionListener@3117081c, org.springframework.boot.test.autoconfigure.SpringBootDependencyInjectionTestExecutionListener@602de15f, org.springframework.test.context.support.DirtiesContextTestExecutionListener@32d613e8, org.springframework.test.context.event.EventPublishingTestExecutionListener@2e82422e, org.springframework.boot.test.autoconfigure.restdocs.RestDocsTestExecutionListener@27dcf80a, org.springframework.boot.test.autoconfigure.web.client.MockRestServiceServerResetTestExecutionListener@28f4c2b7, org.springframework.boot.test.autoconfigure.web.servlet.MockMvcPrintOnlyOnFailureTestExecutionListener@2abfdd12, org.springframework.boot.test.autoconfigure.web.servlet.WebDriverTestExecutionListener@16107959, org.springframework.boot.test.autoconfigure.webservices.client.MockWebServiceServerTestExecutionListener@56cccf39, org.springframework.boot.test.mock.mockito.ResetMocksTestExecutionListener@58a34e2d]
2020-12-10 15:19:54.796 DEBUG 17125 --- [    Test worker] u.g.h.f.s.a.c.test.SNLCommonHeaderTest   : Test execution Class Initiated: uk.gov.hmcts.futurehearings.snl.acceptance.hearings.POSTHearingsValidationTest
2020-12-10 15:19:54.797 DEBUG 17125 --- [    Test worker] u.g.h.f.s.a.c.s.OAuthTokenGenerator      : The value of the Body : username=api-uat-casehq@mcmshmcts.onmicrosoft.com&password=JTuREp6m4W9KyjbzFpnUFanh
2020-12-10 15:19:54.798 DEBUG 17125 --- [    Test worker] u.g.h.f.s.a.c.s.OAuthTokenGenerator      : The value of the Target URL : https://hmcts-uat.casehq.net/hmi_oauth2/resources/hmi/token
{
    "accessToken": "eyJ0eXAiOiJKV1QiLCJub25jZSI6Im9JeUFwU2NNN3Awa2MwaVBiSjlQZ2M5T0NMSjVxU05WRWVNZXV4Q2RkVHciLCJhbGciOiJSUzI1NiIsIng1dCI6ImtnMkxZczJUMENUaklmajRydDZKSXluZW4zOCIsImtpZCI6ImtnMkxZczJUMENUaklmajRydDZKSXluZW4zOCJ9.eyJhdWQiOiIwMDAwMDAwMy0wMDAwLTAwMDAtYzAwMC0wMDAwMDAwMDAwMDAiLCJpc3MiOiJodHRwczovL3N0cy53aW5kb3dzLm5ldC80NDBkYjQ3NS0yNWJmLTQ3OTAtODI3NS05MzBkNGI2MWViMWMvIiwiaWF0IjoxNjA3NjEzMjk1LCJuYmYiOjE2MDc2MTMyOTUsImV4cCI6MTYwNzYxNzE5NSwiYWNjdCI6MCwiYWNyIjoiMSIsImFjcnMiOlsidXJuOnVzZXI6cmVnaXN0ZXJzZWN1cml0eWluZm8iLCJ1cm46bWljcm9zb2Z0OnJlcTEiLCJ1cm46bWljcm9zb2Z0OnJlcTIiLCJ1cm46bWljcm9zb2Z0OnJlcTMiLCJjMSIsImMyIiwiYzMiLCJjNCIsImM1IiwiYzYiLCJjNyIsImM4IiwiYzkiLCJjMTAiLCJjMTEiLCJjMTIiLCJjMTMiLCJjMTQiLCJjMTUiLCJjMTYiLCJjMTciLCJjMTgiLCJjMTkiLCJjMjAiLCJjMjEiLCJjMjIiLCJjMjMiLCJjMjQiLCJjMjUiXSwiYWlvIjoiRTJSZ1lDZ3NrWnJVMytuM0pVNVM5ZmJpRCs4LzdTOFRTVE0rdFRKQk9TWG5SNDd4NVM4QSIsImFtciI6WyJwd2QiXSwiYXBwX2Rpc3BsYXluYW1lIjoidWF0LWNhc2VocWFwaS1hcHIiLCJhcHBpZCI6IjFiZTAyN2Q4LTc0NzgtNDIxOS04NGYwLTkwMzg4NTg3MGNmYSIsImFwcGlkYWNyIjoiMSIsImlkdHlwIjoidXNlciIsImlwYWRkciI6IjUxLjEzMi4yMjUuMTkzIiwibmFtZSI6ImFwaS11YXQtY2FzZWhxIiwib2lkIjoiNmUzZWY4ZDYtZmY1OC00ZGI4LWI2ZWEtM2UwOGZhNWZmOWZiIiwicGxhdGYiOiIxNCIsInB1aWQiOiIxMDAzMjAwMEU4RDg4NDJFIiwicmgiOiIwLkFBQUFkYlFOUkw4bGtFZUNkWk1OUzJIckhOZ240QnQ0ZEJsQ2hQQ1FPSVdIRFBwQkFPNC4iLCJzY3AiOiJVc2VyLlJlYWQgcHJvZmlsZSBvcGVuaWQgZW1haWwiLCJzdWIiOiJnREZlaWs1ZkpEUTNzOVhvTndMRVdaOEZIQzNLa2kzLWxGbUxXYi1OaWVzIiwidGVuYW50X3JlZ2lvbl9zY29wZSI6Ik9DIiwidGlkIjoiNDQwZGI0NzUtMjViZi00NzkwLTgyNzUtOTMwZDRiNjFlYjFjIiwidW5pcXVlX25hbWUiOiJhcGktdWF0LWNhc2VocUBtY21zaG1jdHMub25taWNyb3NvZnQuY29tIiwidXBuIjoiYXBpLXVhdC1jYXNlaHFAbWNtc2htY3RzLm9ubWljcm9zb2Z0LmNvbSIsInV0aSI6Ijcyb2FvUmpCcjB1RjBKOEplanBOQUEiLCJ2ZXIiOiIxLjAiLCJ3aWRzIjpbImI3OWZiZjRkLTNlZjktNDY4OS04MTQzLTc2YjE5NGU4NTUwOSJdLCJ4bXNfc3QiOnsic3ViIjoiSE81ZG9MVFJZc01TeXljWE1kU1hBaEhlb2ZlRDNsNkJTM0ZKYlF5UjFlSSJ9LCJ4bXNfdGNkdCI6MTU5NjQ0NDExNn0.ujajnzLeY9RvCaDR5OMePHhEl-iMMOkOx73sKqnKakwi2-5LHQ-rrcMKF5pHFdq6behj9yS7SH07rxz3j6JAZ9w4Rg_lyVZHmY-j3Tsxw5Rz75y9lW5XGKvaiPv6LRnzp-oedqviEqnuOUcvD7edXbcfRyBuOj2KC9C8YGCQzt1QPdrc_ZD4d7X5NhfyRxwlTi1AWFYXUD0lA-BuvXD0eTN6s0tV_9-Ovp6CwYZmbxinL0dOrzitDzVfSO4rYDIyxkNR90-aOQqEfsRh7TEgK3NBQ3PVvcyOJDcyOn70lWqSboW6YfuktVoZuXE553r6tS8PhzXteipqYlFpVA5RXg",
    "additionalProperties": {
        
    },
    "expiresIn": 3595,
    "extExpiresIn": 3595,
    "idToken": "eyJ0eXAiOiJKV1QiLCJhbGciOiJSUzI1NiIsImtpZCI6ImtnMkxZczJUMENUaklmajRydDZKSXluZW4zOCJ9.eyJhdWQiOiIxYmUwMjdkOC03NDc4LTQyMTktODRmMC05MDM4ODU4NzBjZmEiLCJpc3MiOiJodHRwczovL2xvZ2luLm1pY3Jvc29mdG9ubGluZS5jb20vNDQwZGI0NzUtMjViZi00NzkwLTgyNzUtOTMwZDRiNjFlYjFjL3YyLjAiLCJpYXQiOjE2MDc2MTMyOTUsIm5iZiI6MTYwNzYxMzI5NSwiZXhwIjoxNjA3NjE3MTk1LCJuYW1lIjoiYXBpLXVhdC1jYXNlaHEiLCJvaWQiOiI2ZTNlZjhkNi1mZjU4LTRkYjgtYjZlYS0zZTA4ZmE1ZmY5ZmIiLCJwcmVmZXJyZWRfdXNlcm5hbWUiOiJhcGktdWF0LWNhc2VocUBtY21zaG1jdHMub25taWNyb3NvZnQuY29tIiwicmgiOiIwLkFBQUFkYlFOUkw4bGtFZUNkWk1OUzJIckhOZ240QnQ0ZEJsQ2hQQ1FPSVdIRFBwQkFPNC4iLCJzdWIiOiJITzVkb0xUUllzTVN5eWNYTWRTWEFoSGVvZmVEM2w2QlMzRkpiUXlSMWVJIiwidGlkIjoiNDQwZGI0NzUtMjViZi00NzkwLTgyNzUtOTMwZDRiNjFlYjFjIiwidXRpIjoiNzJvYW9SakJyMHVGMEo4SmVqcE5BQSIsInZlciI6IjIuMCJ9.RbrafgMO8VPr8fxiO9nbaCT0wR8MZInmUi3G2FpnBoTaWxeYXfKGTSWcNVz91qOz_VKxz4tOK6M38vSsjPCY6LIq99T2Mo5JFl9Amu-8LliLiL6fA-QBz_CtaCMkBQo8DbLflNkOPIgrelWHjwauU1h5C_uSw53h54x7o5WIOQ8ffaajHCPmnNUnCX7dwj4O4EcNF8UdBctLHDDWA1CDIBBHU_eP0BUZu5Cdwqgo2jSyrfoskgaCG7T_kj3ihl1aWruLJnCfpdZtOLSwdMlXssGP38O2xwaHeZpSTS1AKqX4tssP1GKwKmWEbr5R8v20CyG5mp3cdrTZddWfEnSsBg",
    "refreshToken": "0.AAAAdbQNRL8lkEeCdZMNS2HrHNgn4Bt4dBlChPCQOIWHDPpBAO4.AgABAAAAAAB2UyzwtQEKR7-rWbgdcBZIAQDs_wIA9P9ubcBKi_CnymYCMO4_4GrcModuoaz_coRGwynX1MOpc8CyGR78KZea82GQ1GlNXvtRxADEJ57iLPVTGczsJM1uJsJ5-kRgwFuaux-88eTPASuJ0XNJQRNew_3z5JFxqb-kCJYTqMnVXkMASfHAvjX_MT31B-uSOw9uVlSAWKS7oDOO8TepLbwCAHdJrOBlZeMfVn7Mp8yScp8uC5U-OVHfc_mbNh2tH6m4uvbrZcZE11WvYhV-hmmkRSgpZaRK_lSEhnw2Pf9Bhr2xrKsRBnI0GHWHWn_oc4HjQfm91gvztr4wMeaQkodoMjxUUGJObZL2Kx_WsJ_BlQX5dW22yYMnI4ZBwxs9xI7W-kYfGBs6a5OehZbiYuDXRiGhSWv_4U5S1ZtU4zu0f7yGZ6no0Zq0ZyZaoHmACYqXMQwMhwu9RXfbDDHKLBuWllSre5cclDKaS4B8ksmncQeG3EeEhKLm0lOrpu2JfRgfqkv0RPevItJLTKqCm9TFGS3ml2cXDI62N_9Wyp-cehPo0nslWPu5Cu5Fd1GxpDuwOiA2SzsibSfp7PuNTA21Bkor1KY5hWHxSzPdyYuDVXW1GFgdfr4GEDfcc5lUoYh1zDP8TTpKEZvKHsoi84XqfrBW77E0_29baUreKF371WVYpULbXkl57CicKhnkgs2uXMlIjCqfRwzgdAHuui-BbLO-T2JfwDGlJnfWsCoFDsnly5hKVtvuGuef4RE6I7TFHyCwLXrBng2CJ16KL8pP3959kGxVQ5FJkj-5p0bl1tIy34MxpDZO86zywcL0mVP2T2wAtWFfWvVGv_4bWHPizQo1Q_i7ccpSCCHm5NZnYm_BrDH4ka55gmRMq7eO-qa3qXUHuAvpUaoAua2JCr0CN7HcS6VDltDohlihqd2-huhju8yDyYjafaWsDSS0HVFn",
    "scope": "User.Read profile openid email",
    "tokenType": "Bearer"
}
2020-12-10 15:20:00.228 DEBUG 17125 --- [    Test worker] u.g.h.f.s.a.c.s.OAuthTokenGenerator      : {
    "accessToken": "eyJ0eXAiOiJKV1QiLCJub25jZSI6Im9JeUFwU2NNN3Awa2MwaVBiSjlQZ2M5T0NMSjVxU05WRWVNZXV4Q2RkVHciLCJhbGciOiJSUzI1NiIsIng1dCI6ImtnMkxZczJUMENUaklmajRydDZKSXluZW4zOCIsImtpZCI6ImtnMkxZczJUMENUaklmajRydDZKSXluZW4zOCJ9.eyJhdWQiOiIwMDAwMDAwMy0wMDAwLTAwMDAtYzAwMC0wMDAwMDAwMDAwMDAiLCJpc3MiOiJodHRwczovL3N0cy53aW5kb3dzLm5ldC80NDBkYjQ3NS0yNWJmLTQ3OTAtODI3NS05MzBkNGI2MWViMWMvIiwiaWF0IjoxNjA3NjEzMjk1LCJuYmYiOjE2MDc2MTMyOTUsImV4cCI6MTYwNzYxNzE5NSwiYWNjdCI6MCwiYWNyIjoiMSIsImFjcnMiOlsidXJuOnVzZXI6cmVnaXN0ZXJzZWN1cml0eWluZm8iLCJ1cm46bWljcm9zb2Z0OnJlcTEiLCJ1cm46bWljcm9zb2Z0OnJlcTIiLCJ1cm46bWljcm9zb2Z0OnJlcTMiLCJjMSIsImMyIiwiYzMiLCJjNCIsImM1IiwiYzYiLCJjNyIsImM4IiwiYzkiLCJjMTAiLCJjMTEiLCJjMTIiLCJjMTMiLCJjMTQiLCJjMTUiLCJjMTYiLCJjMTciLCJjMTgiLCJjMTkiLCJjMjAiLCJjMjEiLCJjMjIiLCJjMjMiLCJjMjQiLCJjMjUiXSwiYWlvIjoiRTJSZ1lDZ3NrWnJVMytuM0pVNVM5ZmJpRCs4LzdTOFRTVE0rdFRKQk9TWG5SNDd4NVM4QSIsImFtciI6WyJwd2QiXSwiYXBwX2Rpc3BsYXluYW1lIjoidWF0LWNhc2VocWFwaS1hcHIiLCJhcHBpZCI6IjFiZTAyN2Q4LTc0NzgtNDIxOS04NGYwLTkwMzg4NTg3MGNmYSIsImFwcGlkYWNyIjoiMSIsImlkdHlwIjoidXNlciIsImlwYWRkciI6IjUxLjEzMi4yMjUuMTkzIiwibmFtZSI6ImFwaS11YXQtY2FzZWhxIiwib2lkIjoiNmUzZWY4ZDYtZmY1OC00ZGI4LWI2ZWEtM2UwOGZhNWZmOWZiIiwicGxhdGYiOiIxNCIsInB1aWQiOiIxMDAzMjAwMEU4RDg4NDJFIiwicmgiOiIwLkFBQUFkYlFOUkw4bGtFZUNkWk1OUzJIckhOZ240QnQ0ZEJsQ2hQQ1FPSVdIRFBwQkFPNC4iLCJzY3AiOiJVc2VyLlJlYWQgcHJvZmlsZSBvcGVuaWQgZW1haWwiLCJzdWIiOiJnREZlaWs1ZkpEUTNzOVhvTndMRVdaOEZIQzNLa2kzLWxGbUxXYi1OaWVzIiwidGVuYW50X3JlZ2lvbl9zY29wZSI6Ik9DIiwidGlkIjoiNDQwZGI0NzUtMjViZi00NzkwLTgyNzUtOTMwZDRiNjFlYjFjIiwidW5pcXVlX25hbWUiOiJhcGktdWF0LWNhc2VocUBtY21zaG1jdHMub25taWNyb3NvZnQuY29tIiwidXBuIjoiYXBpLXVhdC1jYXNlaHFAbWNtc2htY3RzLm9ubWljcm9zb2Z0LmNvbSIsInV0aSI6Ijcyb2FvUmpCcjB1RjBKOEplanBOQUEiLCJ2ZXIiOiIxLjAiLCJ3aWRzIjpbImI3OWZiZjRkLTNlZjktNDY4OS04MTQzLTc2YjE5NGU4NTUwOSJdLCJ4bXNfc3QiOnsic3ViIjoiSE81ZG9MVFJZc01TeXljWE1kU1hBaEhlb2ZlRDNsNkJTM0ZKYlF5UjFlSSJ9LCJ4bXNfdGNkdCI6MTU5NjQ0NDExNn0.ujajnzLeY9RvCaDR5OMePHhEl-iMMOkOx73sKqnKakwi2-5LHQ-rrcMKF5pHFdq6behj9yS7SH07rxz3j6JAZ9w4Rg_lyVZHmY-j3Tsxw5Rz75y9lW5XGKvaiPv6LRnzp-oedqviEqnuOUcvD7edXbcfRyBuOj2KC9C8YGCQzt1QPdrc_ZD4d7X5NhfyRxwlTi1AWFYXUD0lA-BuvXD0eTN6s0tV_9-Ovp6CwYZmbxinL0dOrzitDzVfSO4rYDIyxkNR90-aOQqEfsRh7TEgK3NBQ3PVvcyOJDcyOn70lWqSboW6YfuktVoZuXE553r6tS8PhzXteipqYlFpVA5RXg",
    "additionalProperties": {
        
    },
    "expiresIn": 3595,
    "extExpiresIn": 3595,
    "idToken": "eyJ0eXAiOiJKV1QiLCJhbGciOiJSUzI1NiIsImtpZCI6ImtnMkxZczJUMENUaklmajRydDZKSXluZW4zOCJ9.eyJhdWQiOiIxYmUwMjdkOC03NDc4LTQyMTktODRmMC05MDM4ODU4NzBjZmEiLCJpc3MiOiJodHRwczovL2xvZ2luLm1pY3Jvc29mdG9ubGluZS5jb20vNDQwZGI0NzUtMjViZi00NzkwLTgyNzUtOTMwZDRiNjFlYjFjL3YyLjAiLCJpYXQiOjE2MDc2MTMyOTUsIm5iZiI6MTYwNzYxMzI5NSwiZXhwIjoxNjA3NjE3MTk1LCJuYW1lIjoiYXBpLXVhdC1jYXNlaHEiLCJvaWQiOiI2ZTNlZjhkNi1mZjU4LTRkYjgtYjZlYS0zZTA4ZmE1ZmY5ZmIiLCJwcmVmZXJyZWRfdXNlcm5hbWUiOiJhcGktdWF0LWNhc2VocUBtY21zaG1jdHMub25taWNyb3NvZnQuY29tIiwicmgiOiIwLkFBQUFkYlFOUkw4bGtFZUNkWk1OUzJIckhOZ240QnQ0ZEJsQ2hQQ1FPSVdIRFBwQkFPNC4iLCJzdWIiOiJITzVkb0xUUllzTVN5eWNYTWRTWEFoSGVvZmVEM2w2QlMzRkpiUXlSMWVJIiwidGlkIjoiNDQwZGI0NzUtMjViZi00NzkwLTgyNzUtOTMwZDRiNjFlYjFjIiwidXRpIjoiNzJvYW9SakJyMHVGMEo4SmVqcE5BQSIsInZlciI6IjIuMCJ9.RbrafgMO8VPr8fxiO9nbaCT0wR8MZInmUi3G2FpnBoTaWxeYXfKGTSWcNVz91qOz_VKxz4tOK6M38vSsjPCY6LIq99T2Mo5JFl9Amu-8LliLiL6fA-QBz_CtaCMkBQo8DbLflNkOPIgrelWHjwauU1h5C_uSw53h54x7o5WIOQ8ffaajHCPmnNUnCX7dwj4O4EcNF8UdBctLHDDWA1CDIBBHU_eP0BUZu5Cdwqgo2jSyrfoskgaCG7T_kj3ihl1aWruLJnCfpdZtOLSwdMlXssGP38O2xwaHeZpSTS1AKqX4tssP1GKwKmWEbr5R8v20CyG5mp3cdrTZddWfEnSsBg",
    "refreshToken": "0.AAAAdbQNRL8lkEeCdZMNS2HrHNgn4Bt4dBlChPCQOIWHDPpBAO4.AgABAAAAAAB2UyzwtQEKR7-rWbgdcBZIAQDs_wIA9P9ubcBKi_CnymYCMO4_4GrcModuoaz_coRGwynX1MOpc8CyGR78KZea82GQ1GlNXvtRxADEJ57iLPVTGczsJM1uJsJ5-kRgwFuaux-88eTPASuJ0XNJQRNew_3z5JFxqb-kCJYTqMnVXkMASfHAvjX_MT31B-uSOw9uVlSAWKS7oDOO8TepLbwCAHdJrOBlZeMfVn7Mp8yScp8uC5U-OVHfc_mbNh2tH6m4uvbrZcZE11WvYhV-hmmkRSgpZaRK_lSEhnw2Pf9Bhr2xrKsRBnI0GHWHWn_oc4HjQfm91gvztr4wMeaQkodoMjxUUGJObZL2Kx_WsJ_BlQX5dW22yYMnI4ZBwxs9xI7W-kYfGBs6a5OehZbiYuDXRiGhSWv_4U5S1ZtU4zu0f7yGZ6no0Zq0ZyZaoHmACYqXMQwMhwu9RXfbDDHKLBuWllSre5cclDKaS4B8ksmncQeG3EeEhKLm0lOrpu2JfRgfqkv0RPevItJLTKqCm9TFGS3ml2cXDI62N_9Wyp-cehPo0nslWPu5Cu5Fd1GxpDuwOiA2SzsibSfp7PuNTA21Bkor1KY5hWHxSzPdyYuDVXW1GFgdfr4GEDfcc5lUoYh1zDP8TTpKEZvKHsoi84XqfrBW77E0_29baUreKF371WVYpULbXkl57CicKhnkgs2uXMlIjCqfRwzgdAHuui-BbLO-T2JfwDGlJnfWsCoFDsnly5hKVtvuGuef4RE6I7TFHyCwLXrBng2CJ16KL8pP3959kGxVQ5FJkj-5p0bl1tIy34MxpDZO86zywcL0mVP2T2wAtWFfWvVGv_4bWHPizQo1Q_i7ccpSCCHm5NZnYm_BrDH4ka55gmRMq7eO-qa3qXUHuAvpUaoAua2JCr0CN7HcS6VDltDohlihqd2-huhju8yDyYjafaWsDSS0HVFn",
    "scope": "User.Read profile openid email",
    "tokenType": "Bearer"
}
2020-12-10 15:20:00.241 DEBUG 17125 --- [    Test worker] u.g.h.f.s.a.c.test.SNLCommonHeaderTest   : Before execution : test_header_keys_truncated
2020-12-10 15:20:00.243 DEBUG 17125 --- [    Test worker] u.g.h.f.s.a.common.TestingUtils          : File Found : true
2020-12-10 15:20:00.245 DEBUG 17125 --- [    Test worker] u.g.h.f.s.a.c.d.CommonDelegateImpl       : The value of the target header (Header Map) : {Source-System=CFT, Request-Type=text, Request-Processed-At=2012-03-19T07:22:00Z, Subscription-Key=pointless, Request-Created-At=2012-03-19T07:22:00Z, Destination-System=S&L, Accep=application/json, Content-Type=application/json}
2020-12-10 15:20:00.246 DEBUG 17125 --- [    Test worker] u.g.h.f.s.a.c.d.CommonDelegateImpl       : The value of the target header (Wiremock Header) :{Source-System=CFT, Request-Type=text, Request-Processed-At=2012-03-19T07:22:00Z, Subscription-Key=pointless, Request-Created-At=2012-03-19T07:22:00Z, Destination-System=S&L, Accep=application/json, Content-Type=application/json}
2020-12-10 15:20:00.247 DEBUG 17125 --- [    Test worker] u.g.h.f.s.a.common.RestClientTemplate    : The value of the baseURI : https://hmcts-uat.casehq.net
2020-12-10 15:20:00.248 DEBUG 17125 --- [    Test worker] u.g.h.f.s.a.common.RestClientTemplate    : The value of the path : /casehqapi/rest/hmcts/resources/hearings
2020-12-10 15:20:00.248 DEBUG 17125 --- [    Test worker] u.g.h.f.s.a.common.RestClientTemplate    : The value of the Authorization Token : eyJ0eXAiOiJKV1QiLCJhbGciOiJSUzI1NiIsImtpZCI6ImtnMkxZczJUMENUaklmajRydDZKSXluZW4zOCJ9.eyJhdWQiOiIxYmUwMjdkOC03NDc4LTQyMTktODRmMC05MDM4ODU4NzBjZmEiLCJpc3MiOiJodHRwczovL2xvZ2luLm1pY3Jvc29mdG9ubGluZS5jb20vNDQwZGI0NzUtMjViZi00NzkwLTgyNzUtOTMwZDRiNjFlYjFjL3YyLjAiLCJpYXQiOjE2MDc2MTMyOTUsIm5iZiI6MTYwNzYxMzI5NSwiZXhwIjoxNjA3NjE3MTk1LCJuYW1lIjoiYXBpLXVhdC1jYXNlaHEiLCJvaWQiOiI2ZTNlZjhkNi1mZjU4LTRkYjgtYjZlYS0zZTA4ZmE1ZmY5ZmIiLCJwcmVmZXJyZWRfdXNlcm5hbWUiOiJhcGktdWF0LWNhc2VocUBtY21zaG1jdHMub25taWNyb3NvZnQuY29tIiwicmgiOiIwLkFBQUFkYlFOUkw4bGtFZUNkWk1OUzJIckhOZ240QnQ0ZEJsQ2hQQ1FPSVdIRFBwQkFPNC4iLCJzdWIiOiJITzVkb0xUUllzTVN5eWNYTWRTWEFoSGVvZmVEM2w2QlMzRkpiUXlSMWVJIiwidGlkIjoiNDQwZGI0NzUtMjViZi00NzkwLTgyNzUtOTMwZDRiNjFlYjFjIiwidXRpIjoiNzJvYW9SakJyMHVGMEo4SmVqcE5BQSIsInZlciI6IjIuMCJ9.RbrafgMO8VPr8fxiO9nbaCT0wR8MZInmUi3G2FpnBoTaWxeYXfKGTSWcNVz91qOz_VKxz4tOK6M38vSsjPCY6LIq99T2Mo5JFl9Amu-8LliLiL6fA-QBz_CtaCMkBQo8DbLflNkOPIgrelWHjwauU1h5C_uSw53h54x7o5WIOQ8ffaajHCPmnNUnCX7dwj4O4EcNF8UdBctLHDDWA1CDIBBHU_eP0BUZu5Cdwqgo2jSyrfoskgaCG7T_kj3ihl1aWruLJnCfpdZtOLSwdMlXssGP38O2xwaHeZpSTS1AKqX4tssP1GKwKmWEbr5R8v20CyG5mp3cdrTZddWfEnSsBg
2020-12-10 15:20:00.248 DEBUG 17125 --- [    Test worker] u.g.h.f.s.a.common.RestClientTemplate    : The value of the header : 8
2020-12-10 15:20:00.253 DEBUG 17125 --- [    Test worker] u.g.h.f.s.a.common.RestClientTemplate    : The Key of the headerSource-SystemThe value of the HeaderCFT
2020-12-10 15:20:00.253 DEBUG 17125 --- [    Test worker] u.g.h.f.s.a.common.RestClientTemplate    : The Key of the headerRequest-TypeThe value of the Headertext
2020-12-10 15:20:00.254 DEBUG 17125 --- [    Test worker] u.g.h.f.s.a.common.RestClientTemplate    : The Key of the headerRequest-Processed-AtThe value of the Header2012-03-19T07:22:00Z
2020-12-10 15:20:00.254 DEBUG 17125 --- [    Test worker] u.g.h.f.s.a.common.RestClientTemplate    : The Key of the headerSubscription-KeyThe value of the Headerpointless
2020-12-10 15:20:00.254 DEBUG 17125 --- [    Test worker] u.g.h.f.s.a.common.RestClientTemplate    : The Key of the headerRequest-Created-AtThe value of the Header2012-03-19T07:22:00Z
2020-12-10 15:20:00.254 DEBUG 17125 --- [    Test worker] u.g.h.f.s.a.common.RestClientTemplate    : The Key of the headerDestination-SystemThe value of the HeaderS&L
2020-12-10 15:20:00.254 DEBUG 17125 --- [    Test worker] u.g.h.f.s.a.common.RestClientTemplate    : The Key of the headerAccepThe value of the Headerapplication/json
2020-12-10 15:20:00.254 DEBUG 17125 --- [    Test worker] u.g.h.f.s.a.common.RestClientTemplate    : The Key of the headerContent-TypeThe value of the Headerapplication/json
2020-12-10 15:20:00.254 DEBUG 17125 --- [    Test worker] u.g.h.f.s.a.common.RestClientTemplate    : The value of the HTTP Status : 406
{
    "errCode": "9999",
    "errorDesc": "Expected header 'Accept=application/json; version=1.2'",
    "errorLinkId": null
}
2020-12-10 15:20:01.691 DEBUG 17125 --- [    Test worker] u.g.h.f.s.a.c.v.e.SNLCommonErrorVerifier : Response{
    "errCode": "9999",
    "errorDesc": "Expected header 'Accept=application/json; version=1.2'",
    "errorLinkId": null
}
2020-12-10 15:20:01.699 DEBUG 17125 --- [    Test worker] u.g.h.f.s.a.c.test.SNLCommonHeaderTest   : After execution : test_header_keys_truncated
2020-12-10 15:20:01.705 DEBUG 17125 --- [    Test worker] u.g.h.f.s.a.c.test.SNLCommonHeaderTest   : Before execution : test_invalid_REST_method
2020-12-10 15:20:01.706 DEBUG 17125 --- [    Test worker] u.g.h.f.s.a.common.TestingUtils          : File Found : true
2020-12-10 15:20:01.706 DEBUG 17125 --- [    Test worker] u.g.h.f.s.a.c.d.CommonDelegateImpl       : The value of the target header (Header Map) : {Source-System=CFT, Request-Type=text, Request-Processed-At=2012-03-19T07:22:00Z, Accept=application/json;version=1.2, Subscription-Key=pointless, Request-Created-At=2012-03-19T07:22:00Z, Destination-System=S&L, Content-Type=application/json}
2020-12-10 15:20:01.707 DEBUG 17125 --- [    Test worker] u.g.h.f.s.a.c.d.CommonDelegateImpl       : The value of the target header (Wiremock Header) :{Source-System=CFT, Request-Type=text, Request-Processed-At=2012-03-19T07:22:00Z, Accept=application/json;version=1.2, Subscription-Key=pointless, Request-Created-At=2012-03-19T07:22:00Z, Destination-System=S&L, Content-Type=application/json}
2020-12-10 15:20:01.707 DEBUG 17125 --- [    Test worker] u.g.h.f.s.a.c.test.SNLCommonHeaderTest   : After execution : test_invalid_REST_method
2020-12-10 15:20:01.714 DEBUG 17125 --- [    Test worker] u.g.h.f.s.a.c.test.SNLCommonHeaderTest   : Before execution : test_invalid_URL
2020-12-10 15:20:01.715 DEBUG 17125 --- [    Test worker] u.g.h.f.s.a.common.TestingUtils          : File Found : true
2020-12-10 15:20:01.716 DEBUG 17125 --- [    Test worker] u.g.h.f.s.a.c.d.CommonDelegateImpl       : The value of the target header (Header Map) : {Source-System=CFT, Request-Type=text, Request-Processed-At=2012-03-19T07:22:00Z, Accept=application/json;version=1.2, Subscription-Key=pointless, Request-Created-At=2012-03-19T07:22:00Z, Destination-System=S&L, Content-Type=application/json}
2020-12-10 15:20:01.716 DEBUG 17125 --- [    Test worker] u.g.h.f.s.a.c.d.CommonDelegateImpl       : The value of the target header (Wiremock Header) :{Source-System=CFT, Request-Type=text, Request-Processed-At=2012-03-19T07:22:00Z, Accept=application/json;version=1.2, Subscription-Key=pointless, Request-Created-At=2012-03-19T07:22:00Z, Destination-System=S&L, Content-Type=application/json}
2020-12-10 15:20:01.716 DEBUG 17125 --- [    Test worker] u.g.h.f.s.a.c.test.SNLCommonHeaderTest   : After execution : test_invalid_URL
2020-12-10 15:20:01.773 DEBUG 17125 --- [    Test worker] u.g.h.f.s.a.c.test.SNLCommonHeaderTest   : Before execution : test_request_created_at_invalid_values
2020-12-10 15:20:01.775 DEBUG 17125 --- [    Test worker] u.g.h.f.s.a.common.TestingUtils          : File Found : true
2020-12-10 15:20:01.776 DEBUG 17125 --- [    Test worker] u.g.h.f.s.a.c.d.CommonDelegateImpl       : The value of the target header (Header Map) : {Source-System=CFT, Request-Type=Assault, Request-Processed-At=2012-03-19T07:22:00Z, Accept=application/json, Subscription-Key=pointless, Request-Created-At=null, Destination-System=S&L, Content-Type=application/json}
2020-12-10 15:20:01.777 DEBUG 17125 --- [    Test worker] u.g.h.f.s.a.c.d.CommonDelegateImpl       : The value of the target header (Wiremock Header) :{Source-System=CFT, Request-Type=Assault, Request-Processed-At=2012-03-19T07:22:00Z, Accept=application/json, Subscription-Key=pointless, Request-Created-At=null, Destination-System=S&L, Content-Type=application/json}
2020-12-10 15:20:01.778 DEBUG 17125 --- [    Test worker] u.g.h.f.s.a.c.test.SNLCommonHeaderTest   : After execution : test_request_created_at_invalid_values
2020-12-10 15:20:01.783 DEBUG 17125 --- [    Test worker] u.g.h.f.s.a.c.test.SNLCommonHeaderTest   : Before execution : test_request_created_at_invalid_values
2020-12-10 15:20:01.783 DEBUG 17125 --- [    Test worker] u.g.h.f.s.a.common.TestingUtils          : File Found : true
2020-12-10 15:20:01.784 DEBUG 17125 --- [    Test worker] u.g.h.f.s.a.c.d.CommonDelegateImpl       : The value of the target header (Header Map) : {Source-System=CFT, Request-Type=Assault, Request-Processed-At=2012-03-19T07:22:00Z, Accept=application/json, Subscription-Key=pointless, Request-Created-At=" ", Destination-System=S&L, Content-Type=application/json}
2020-12-10 15:20:01.784 DEBUG 17125 --- [    Test worker] u.g.h.f.s.a.c.d.CommonDelegateImpl       : The value of the target header (Wiremock Header) :{Source-System=CFT, Request-Type=Assault, Request-Processed-At=2012-03-19T07:22:00Z, Accept=application/json, Subscription-Key=pointless, Request-Created-At=" ", Destination-System=S&L, Content-Type=application/json}
2020-12-10 15:20:01.784 DEBUG 17125 --- [    Test worker] u.g.h.f.s.a.c.test.SNLCommonHeaderTest   : After execution : test_request_created_at_invalid_values
2020-12-10 15:20:01.792 DEBUG 17125 --- [    Test worker] u.g.h.f.s.a.c.test.SNLCommonHeaderTest   : Before execution : test_request_created_at_invalid_values
2020-12-10 15:20:01.795 DEBUG 17125 --- [    Test worker] u.g.h.f.s.a.common.TestingUtils          : File Found : true
2020-12-10 15:20:01.797 DEBUG 17125 --- [    Test worker] u.g.h.f.s.a.c.d.CommonDelegateImpl       : The value of the target header (Header Map) : {Source-System=CFT, Request-Type=Assault, Request-Processed-At=2012-03-19T07:22:00Z, Accept=application/json, Subscription-Key=pointless, Request-Created-At=value, Destination-System=S&L, Content-Type=application/json}
2020-12-10 15:20:01.797 DEBUG 17125 --- [    Test worker] u.g.h.f.s.a.c.d.CommonDelegateImpl       : The value of the target header (Wiremock Header) :{Source-System=CFT, Request-Type=Assault, Request-Processed-At=2012-03-19T07:22:00Z, Accept=application/json, Subscription-Key=pointless, Request-Created-At=value, Destination-System=S&L, Content-Type=application/json}
2020-12-10 15:20:01.799 DEBUG 17125 --- [    Test worker] u.g.h.f.s.a.c.test.SNLCommonHeaderTest   : After execution : test_request_created_at_invalid_values
2020-12-10 15:20:01.809 DEBUG 17125 --- [    Test worker] u.g.h.f.s.a.c.test.SNLCommonHeaderTest   : Before execution : test_request_created_at_invalid_values
2020-12-10 15:20:01.810 DEBUG 17125 --- [    Test worker] u.g.h.f.s.a.common.TestingUtils          : File Found : true
2020-12-10 15:20:01.811 DEBUG 17125 --- [    Test worker] u.g.h.f.s.a.c.d.CommonDelegateImpl       : The value of the target header (Header Map) : {Source-System=CFT, Request-Type=Assault, Request-Processed-At=2012-03-19T07:22:00Z, Accept=application/json, Subscription-Key=pointless, Request-Created-At=2002-02-31T10:00:30-05:00Z, Destination-System=S&L, Content-Type=application/json}
2020-12-10 15:20:01.811 DEBUG 17125 --- [    Test worker] u.g.h.f.s.a.c.d.CommonDelegateImpl       : The value of the target header (Wiremock Header) :{Source-System=CFT, Request-Type=Assault, Request-Processed-At=2012-03-19T07:22:00Z, Accept=application/json, Subscription-Key=pointless, Request-Created-At=2002-02-31T10:00:30-05:00Z, Destination-System=S&L, Content-Type=application/json}
2020-12-10 15:20:01.811 DEBUG 17125 --- [    Test worker] u.g.h.f.s.a.c.test.SNLCommonHeaderTest   : After execution : test_request_created_at_invalid_values
2020-12-10 15:20:01.820 DEBUG 17125 --- [    Test worker] u.g.h.f.s.a.c.test.SNLCommonHeaderTest   : Before execution : test_request_created_at_invalid_values
2020-12-10 15:20:01.821 DEBUG 17125 --- [    Test worker] u.g.h.f.s.a.common.TestingUtils          : File Found : true
2020-12-10 15:20:01.821 DEBUG 17125 --- [    Test worker] u.g.h.f.s.a.c.d.CommonDelegateImpl       : The value of the target header (Header Map) : {Source-System=CFT, Request-Type=Assault, Request-Processed-At=2012-03-19T07:22:00Z, Accept=application/json, Subscription-Key=pointless, Request-Created-At=2002-02-31T1000:30-05:00, Destination-System=S&L, Content-Type=application/json}
2020-12-10 15:20:01.822 DEBUG 17125 --- [    Test worker] u.g.h.f.s.a.c.d.CommonDelegateImpl       : The value of the target header (Wiremock Header) :{Source-System=CFT, Request-Type=Assault, Request-Processed-At=2012-03-19T07:22:00Z, Accept=application/json, Subscription-Key=pointless, Request-Created-At=2002-02-31T1000:30-05:00, Destination-System=S&L, Content-Type=application/json}
2020-12-10 15:20:01.823 DEBUG 17125 --- [    Test worker] u.g.h.f.s.a.c.test.SNLCommonHeaderTest   : After execution : test_request_created_at_invalid_values
2020-12-10 15:20:01.828 DEBUG 17125 --- [    Test worker] u.g.h.f.s.a.c.test.SNLCommonHeaderTest   : Before execution : test_request_created_at_invalid_values
2020-12-10 15:20:01.829 DEBUG 17125 --- [    Test worker] u.g.h.f.s.a.common.TestingUtils          : File Found : true
2020-12-10 15:20:01.829 DEBUG 17125 --- [    Test worker] u.g.h.f.s.a.c.d.CommonDelegateImpl       : The value of the target header (Header Map) : {Source-System=CFT, Request-Type=Assault, Request-Processed-At=2012-03-19T07:22:00Z, Accept=application/json, Subscription-Key=pointless, Request-Created-At=2002-02-31T10:00-30-05:00, Destination-System=S&L, Content-Type=application/json}
2020-12-10 15:20:01.829 DEBUG 17125 --- [    Test worker] u.g.h.f.s.a.c.d.CommonDelegateImpl       : The value of the target header (Wiremock Header) :{Source-System=CFT, Request-Type=Assault, Request-Processed-At=2012-03-19T07:22:00Z, Accept=application/json, Subscription-Key=pointless, Request-Created-At=2002-02-31T10:00-30-05:00, Destination-System=S&L, Content-Type=application/json}
2020-12-10 15:20:01.830 DEBUG 17125 --- [    Test worker] u.g.h.f.s.a.c.test.SNLCommonHeaderTest   : After execution : test_request_created_at_invalid_values
2020-12-10 15:20:01.835 DEBUG 17125 --- [    Test worker] u.g.h.f.s.a.c.test.SNLCommonHeaderTest   : Before execution : test_request_created_at_invalid_values
2020-12-10 15:20:01.835 DEBUG 17125 --- [    Test worker] u.g.h.f.s.a.common.TestingUtils          : File Found : true
2020-12-10 15:20:01.836 DEBUG 17125 --- [    Test worker] u.g.h.f.s.a.c.d.CommonDelegateImpl       : The value of the target header (Header Map) : {Source-System=CFT, Request-Type=Assault, Request-Processed-At=2012-03-19T07:22:00Z, Accept=application/json, Subscription-Key=pointless, Request-Created-At=2002-10-02T15:00:00*05Z, Destination-System=S&L, Content-Type=application/json}
2020-12-10 15:20:01.836 DEBUG 17125 --- [    Test worker] u.g.h.f.s.a.c.d.CommonDelegateImpl       : The value of the target header (Wiremock Header) :{Source-System=CFT, Request-Type=Assault, Request-Processed-At=2012-03-19T07:22:00Z, Accept=application/json, Subscription-Key=pointless, Request-Created-At=2002-10-02T15:00:00*05Z, Destination-System=S&L, Content-Type=application/json}
2020-12-10 15:20:01.836 DEBUG 17125 --- [    Test worker] u.g.h.f.s.a.c.test.SNLCommonHeaderTest   : After execution : test_request_created_at_invalid_values
2020-12-10 15:20:01.841 DEBUG 17125 --- [    Test worker] u.g.h.f.s.a.c.test.SNLCommonHeaderTest   : Before execution : test_request_created_at_invalid_values
2020-12-10 15:20:01.841 DEBUG 17125 --- [    Test worker] u.g.h.f.s.a.common.TestingUtils          : File Found : true
2020-12-10 15:20:01.842 DEBUG 17125 --- [    Test worker] u.g.h.f.s.a.c.d.CommonDelegateImpl       : The value of the target header (Header Map) : {Source-System=CFT, Request-Type=Assault, Request-Processed-At=2012-03-19T07:22:00Z, Accept=application/json, Subscription-Key=pointless, Request-Created-At=2002-10-02T15:00?0005Z, Destination-System=S&L, Content-Type=application/json}
2020-12-10 15:20:01.842 DEBUG 17125 --- [    Test worker] u.g.h.f.s.a.c.d.CommonDelegateImpl       : The value of the target header (Wiremock Header) :{Source-System=CFT, Request-Type=Assault, Request-Processed-At=2012-03-19T07:22:00Z, Accept=application/json, Subscription-Key=pointless, Request-Created-At=2002-10-02T15:00?0005Z, Destination-System=S&L, Content-Type=application/json}
2020-12-10 15:20:01.842 DEBUG 17125 --- [    Test worker] u.g.h.f.s.a.c.test.SNLCommonHeaderTest   : After execution : test_request_created_at_invalid_values
2020-12-10 15:20:01.847 DEBUG 17125 --- [    Test worker] u.g.h.f.s.a.c.test.SNLCommonHeaderTest   : Before execution : test_request_created_at_invalid_values
2020-12-10 15:20:01.848 DEBUG 17125 --- [    Test worker] u.g.h.f.s.a.common.TestingUtils          : File Found : true
2020-12-10 15:20:01.848 DEBUG 17125 --- [    Test worker] u.g.h.f.s.a.c.d.CommonDelegateImpl       : The value of the target header (Header Map) : {Source-System=CFT, Request-Type=Assault, Request-Processed-At=2012-03-19T07:22:00Z, Accept=application/json, Subscription-Key=pointless, Request-Created-At=2002-10-02 15:00:00, Destination-System=S&L, Content-Type=application/json}
2020-12-10 15:20:01.848 DEBUG 17125 --- [    Test worker] u.g.h.f.s.a.c.d.CommonDelegateImpl       : The value of the target header (Wiremock Header) :{Source-System=CFT, Request-Type=Assault, Request-Processed-At=2012-03-19T07:22:00Z, Accept=application/json, Subscription-Key=pointless, Request-Created-At=2002-10-02 15:00:00, Destination-System=S&L, Content-Type=application/json}
2020-12-10 15:20:01.849 DEBUG 17125 --- [    Test worker] u.g.h.f.s.a.c.test.SNLCommonHeaderTest   : After execution : test_request_created_at_invalid_values
2020-12-10 15:20:01.857 DEBUG 17125 --- [    Test worker] u.g.h.f.s.a.c.test.SNLCommonHeaderTest   : Before execution : test_no_headers_populated
2020-12-10 15:20:01.858 DEBUG 17125 --- [    Test worker] u.g.h.f.s.a.common.TestingUtils          : File Found : true
2020-12-10 15:20:01.858 DEBUG 17125 --- [    Test worker] u.g.h.f.s.a.c.d.CommonDelegateImpl       : The value of the target header (Header Map) : {Source-System=, Request-Type=, Request-Processed-At=, Accept=, Subscription-Key=, Request-Created-At=, Destination-System=, Content-Type=application/json}
2020-12-10 15:20:01.858 DEBUG 17125 --- [    Test worker] u.g.h.f.s.a.c.d.CommonDelegateImpl       : The value of the target header (Wiremock Header) :{Source-System=, Request-Type=, Request-Processed-At=, Accept=, Subscription-Key=, Request-Created-At=, Destination-System=, Content-Type=application/json}
2020-12-10 15:20:01.859 DEBUG 17125 --- [    Test worker] u.g.h.f.s.a.common.TestingUtils          : File Found : true
2020-12-10 15:20:01.859 DEBUG 17125 --- [    Test worker] u.g.h.f.s.a.c.d.CommonDelegateImpl       : The value of the target header (Header Map) : {Source-System=null, Request-Type=null, Request-Processed-At=null, Accept=null, Subscription-Key=null, Request-Created-At=null, Destination-System=null, Content-Type=application/json}
2020-12-10 15:20:01.859 DEBUG 17125 --- [    Test worker] u.g.h.f.s.a.c.d.CommonDelegateImpl       : The value of the target header (Wiremock Header) :{Source-System=null, Request-Type=null, Request-Processed-At=null, Accept=null, Subscription-Key=null, Request-Created-At=null, Destination-System=null, Content-Type=application/json}
2020-12-10 15:20:01.860 DEBUG 17125 --- [    Test worker] u.g.h.f.s.a.c.test.SNLCommonHeaderTest   : After execution : test_no_headers_populated
2020-12-10 15:20:01.869 DEBUG 17125 --- [    Test worker] u.g.h.f.s.a.c.test.SNLCommonHeaderTest   : Before execution : test_source_system_invalid_values
2020-12-10 15:20:01.869 DEBUG 17125 --- [    Test worker] u.g.h.f.s.a.common.TestingUtils          : File Found : true
2020-12-10 15:20:01.870 DEBUG 17125 --- [    Test worker] u.g.h.f.s.a.c.d.CommonDelegateImpl       : The value of the target header (Header Map) : {Source-System=null, Request-Type=Assault, Request-Processed-At=2012-03-19T07:22:00Z, Accept=application/json, Subscription-Key=pointless, Request-Created-At=2012-03-19T07:22:00Z, Destination-System=S&L, Content-Type=application/json}
2020-12-10 15:20:01.870 DEBUG 17125 --- [    Test worker] u.g.h.f.s.a.c.d.CommonDelegateImpl       : The value of the target header (Wiremock Header) :{Source-System=null, Request-Type=Assault, Request-Processed-At=2012-03-19T07:22:00Z, Accept=application/json, Subscription-Key=pointless, Request-Created-At=2012-03-19T07:22:00Z, Destination-System=S&L, Content-Type=application/json}
2020-12-10 15:20:01.870 DEBUG 17125 --- [    Test worker] u.g.h.f.s.a.c.test.SNLCommonHeaderTest   : After execution : test_source_system_invalid_values
2020-12-10 15:20:01.876 DEBUG 17125 --- [    Test worker] u.g.h.f.s.a.c.test.SNLCommonHeaderTest   : Before execution : test_source_system_invalid_values
2020-12-10 15:20:01.877 DEBUG 17125 --- [    Test worker] u.g.h.f.s.a.common.TestingUtils          : File Found : true
2020-12-10 15:20:01.877 DEBUG 17125 --- [    Test worker] u.g.h.f.s.a.c.d.CommonDelegateImpl       : The value of the target header (Header Map) : {Source-System=, Request-Type=Assault, Request-Processed-At=2012-03-19T07:22:00Z, Accept=application/json, Subscription-Key=pointless, Request-Created-At=2012-03-19T07:22:00Z, Destination-System=S&L, Content-Type=application/json}
2020-12-10 15:20:01.877 DEBUG 17125 --- [    Test worker] u.g.h.f.s.a.c.d.CommonDelegateImpl       : The value of the target header (Wiremock Header) :{Source-System=, Request-Type=Assault, Request-Processed-At=2012-03-19T07:22:00Z, Accept=application/json, Subscription-Key=pointless, Request-Created-At=2012-03-19T07:22:00Z, Destination-System=S&L, Content-Type=application/json}
2020-12-10 15:20:01.878 DEBUG 17125 --- [    Test worker] u.g.h.f.s.a.c.test.SNLCommonHeaderTest   : After execution : test_source_system_invalid_values
2020-12-10 15:20:01.883 DEBUG 17125 --- [    Test worker] u.g.h.f.s.a.c.test.SNLCommonHeaderTest   : Before execution : test_source_system_invalid_values
2020-12-10 15:20:01.884 DEBUG 17125 --- [    Test worker] u.g.h.f.s.a.common.TestingUtils          : File Found : true
2020-12-10 15:20:01.884 DEBUG 17125 --- [    Test worker] u.g.h.f.s.a.c.d.CommonDelegateImpl       : The value of the target header (Header Map) : {Source-System=SNL, Request-Type=Assault, Request-Processed-At=2012-03-19T07:22:00Z, Accept=application/json, Subscription-Key=pointless, Request-Created-At=2012-03-19T07:22:00Z, Destination-System=S&L, Content-Type=application/json}
2020-12-10 15:20:01.884 DEBUG 17125 --- [    Test worker] u.g.h.f.s.a.c.d.CommonDelegateImpl       : The value of the target header (Wiremock Header) :{Source-System=SNL, Request-Type=Assault, Request-Processed-At=2012-03-19T07:22:00Z, Accept=application/json, Subscription-Key=pointless, Request-Created-At=2012-03-19T07:22:00Z, Destination-System=S&L, Content-Type=application/json}
2020-12-10 15:20:01.885 DEBUG 17125 --- [    Test worker] u.g.h.f.s.a.c.test.SNLCommonHeaderTest   : After execution : test_source_system_invalid_values
2020-12-10 15:20:01.889 DEBUG 17125 --- [    Test worker] u.g.h.f.s.a.c.test.SNLCommonHeaderTest   : Before execution : test_source_system_invalid_values
2020-12-10 15:20:01.890 DEBUG 17125 --- [    Test worker] u.g.h.f.s.a.common.TestingUtils          : File Found : true
2020-12-10 15:20:01.890 DEBUG 17125 --- [    Test worker] u.g.h.f.s.a.c.d.CommonDelegateImpl       : The value of the target header (Header Map) : {Source-System=CfT, Request-Type=Assault, Request-Processed-At=2012-03-19T07:22:00Z, Accept=application/json, Subscription-Key=pointless, Request-Created-At=2012-03-19T07:22:00Z, Destination-System=S&L, Content-Type=application/json}
2020-12-10 15:20:01.891 DEBUG 17125 --- [    Test worker] u.g.h.f.s.a.c.d.CommonDelegateImpl       : The value of the target header (Wiremock Header) :{Source-System=CfT, Request-Type=Assault, Request-Processed-At=2012-03-19T07:22:00Z, Accept=application/json, Subscription-Key=pointless, Request-Created-At=2012-03-19T07:22:00Z, Destination-System=S&L, Content-Type=application/json}
2020-12-10 15:20:01.891 DEBUG 17125 --- [    Test worker] u.g.h.f.s.a.c.test.SNLCommonHeaderTest   : After execution : test_source_system_invalid_values
2020-12-10 15:20:01.898 DEBUG 17125 --- [    Test worker] u.g.h.f.s.a.c.test.SNLCommonHeaderTest   : Before execution : test_source_system_invalid_values
2020-12-10 15:20:01.899 DEBUG 17125 --- [    Test worker] u.g.h.f.s.a.common.TestingUtils          : File Found : true
2020-12-10 15:20:01.900 DEBUG 17125 --- [    Test worker] u.g.h.f.s.a.c.d.CommonDelegateImpl       : The value of the target header (Header Map) : {Source-System=S&amp;L, Request-Type=Assault, Request-Processed-At=2012-03-19T07:22:00Z, Accept=application/json, Subscription-Key=pointless, Request-Created-At=2012-03-19T07:22:00Z, Destination-System=S&L, Content-Type=application/json}
2020-12-10 15:20:01.900 DEBUG 17125 --- [    Test worker] u.g.h.f.s.a.c.d.CommonDelegateImpl       : The value of the target header (Wiremock Header) :{Source-System=S&amp;L, Request-Type=Assault, Request-Processed-At=2012-03-19T07:22:00Z, Accept=application/json, Subscription-Key=pointless, Request-Created-At=2012-03-19T07:22:00Z, Destination-System=S&L, Content-Type=application/json}
2020-12-10 15:20:01.901 DEBUG 17125 --- [    Test worker] u.g.h.f.s.a.c.test.SNLCommonHeaderTest   : After execution : test_source_system_invalid_values
2020-12-10 15:20:01.914 DEBUG 17125 --- [    Test worker] u.g.h.f.s.a.c.test.SNLCommonHeaderTest   : Before execution : test_destination_system_invalid_values
2020-12-10 15:20:01.914 DEBUG 17125 --- [    Test worker] u.g.h.f.s.a.common.TestingUtils          : File Found : true
2020-12-10 15:20:01.915 DEBUG 17125 --- [    Test worker] u.g.h.f.s.a.c.d.CommonDelegateImpl       : The value of the target header (Header Map) : {Source-System=CFT, Request-Type=Assault, Request-Processed-At=2012-03-19T07:22:00Z, Accept=application/json, Subscription-Key=pointless, Request-Created-At=2012-03-19T07:22:00Z, Destination-System=null, Content-Type=application/json}
2020-12-10 15:20:01.915 DEBUG 17125 --- [    Test worker] u.g.h.f.s.a.c.d.CommonDelegateImpl       : The value of the target header (Wiremock Header) :{Source-System=CFT, Request-Type=Assault, Request-Processed-At=2012-03-19T07:22:00Z, Accept=application/json, Subscription-Key=pointless, Request-Created-At=2012-03-19T07:22:00Z, Destination-System=null, Content-Type=application/json}
2020-12-10 15:20:01.916 DEBUG 17125 --- [    Test worker] u.g.h.f.s.a.c.test.SNLCommonHeaderTest   : After execution : test_destination_system_invalid_values
2020-12-10 15:20:01.925 DEBUG 17125 --- [    Test worker] u.g.h.f.s.a.c.test.SNLCommonHeaderTest   : Before execution : test_destination_system_invalid_values
2020-12-10 15:20:01.927 DEBUG 17125 --- [    Test worker] u.g.h.f.s.a.common.TestingUtils          : File Found : true
2020-12-10 15:20:01.928 DEBUG 17125 --- [    Test worker] u.g.h.f.s.a.c.d.CommonDelegateImpl       : The value of the target header (Header Map) : {Source-System=CFT, Request-Type=Assault, Request-Processed-At=2012-03-19T07:22:00Z, Accept=application/json, Subscription-Key=pointless, Request-Created-At=2012-03-19T07:22:00Z, Destination-System=, Content-Type=application/json}
2020-12-10 15:20:01.929 DEBUG 17125 --- [    Test worker] u.g.h.f.s.a.c.d.CommonDelegateImpl       : The value of the target header (Wiremock Header) :{Source-System=CFT, Request-Type=Assault, Request-Processed-At=2012-03-19T07:22:00Z, Accept=application/json, Subscription-Key=pointless, Request-Created-At=2012-03-19T07:22:00Z, Destination-System=, Content-Type=application/json}
2020-12-10 15:20:01.929 DEBUG 17125 --- [    Test worker] u.g.h.f.s.a.c.test.SNLCommonHeaderTest   : After execution : test_destination_system_invalid_values
2020-12-10 15:20:01.937 DEBUG 17125 --- [    Test worker] u.g.h.f.s.a.c.test.SNLCommonHeaderTest   : Before execution : test_destination_system_invalid_values
2020-12-10 15:20:01.937 DEBUG 17125 --- [    Test worker] u.g.h.f.s.a.common.TestingUtils          : File Found : true
2020-12-10 15:20:01.938 DEBUG 17125 --- [    Test worker] u.g.h.f.s.a.c.d.CommonDelegateImpl       : The value of the target header (Header Map) : {Source-System=CFT, Request-Type=Assault, Request-Processed-At=2012-03-19T07:22:00Z, Accept=application/json, Subscription-Key=pointless, Request-Created-At=2012-03-19T07:22:00Z, Destination-System=SNL, Content-Type=application/json}
2020-12-10 15:20:01.938 DEBUG 17125 --- [    Test worker] u.g.h.f.s.a.c.d.CommonDelegateImpl       : The value of the target header (Wiremock Header) :{Source-System=CFT, Request-Type=Assault, Request-Processed-At=2012-03-19T07:22:00Z, Accept=application/json, Subscription-Key=pointless, Request-Created-At=2012-03-19T07:22:00Z, Destination-System=SNL, Content-Type=application/json}
2020-12-10 15:20:01.938 DEBUG 17125 --- [    Test worker] u.g.h.f.s.a.c.test.SNLCommonHeaderTest   : After execution : test_destination_system_invalid_values
2020-12-10 15:20:01.943 DEBUG 17125 --- [    Test worker] u.g.h.f.s.a.c.test.SNLCommonHeaderTest   : Before execution : test_destination_system_invalid_values
2020-12-10 15:20:01.944 DEBUG 17125 --- [    Test worker] u.g.h.f.s.a.common.TestingUtils          : File Found : true
2020-12-10 15:20:01.944 DEBUG 17125 --- [    Test worker] u.g.h.f.s.a.c.d.CommonDelegateImpl       : The value of the target header (Header Map) : {Source-System=CFT, Request-Type=Assault, Request-Processed-At=2012-03-19T07:22:00Z, Accept=application/json, Subscription-Key=pointless, Request-Created-At=2012-03-19T07:22:00Z, Destination-System=S&amp;L, Content-Type=application/json}
2020-12-10 15:20:01.944 DEBUG 17125 --- [    Test worker] u.g.h.f.s.a.c.d.CommonDelegateImpl       : The value of the target header (Wiremock Header) :{Source-System=CFT, Request-Type=Assault, Request-Processed-At=2012-03-19T07:22:00Z, Accept=application/json, Subscription-Key=pointless, Request-Created-At=2012-03-19T07:22:00Z, Destination-System=S&amp;L, Content-Type=application/json}
2020-12-10 15:20:01.945 DEBUG 17125 --- [    Test worker] u.g.h.f.s.a.c.test.SNLCommonHeaderTest   : After execution : test_destination_system_invalid_values
2020-12-10 15:20:01.950 DEBUG 17125 --- [    Test worker] u.g.h.f.s.a.c.test.SNLCommonHeaderTest   : Before execution : test_destination_system_invalid_values
2020-12-10 15:20:01.951 DEBUG 17125 --- [    Test worker] u.g.h.f.s.a.common.TestingUtils          : File Found : true
2020-12-10 15:20:01.951 DEBUG 17125 --- [    Test worker] u.g.h.f.s.a.c.d.CommonDelegateImpl       : The value of the target header (Header Map) : {Source-System=CFT, Request-Type=Assault, Request-Processed-At=2012-03-19T07:22:00Z, Accept=application/json, Subscription-Key=pointless, Request-Created-At=2012-03-19T07:22:00Z, Destination-System=CfT, Content-Type=application/json}
2020-12-10 15:20:01.951 DEBUG 17125 --- [    Test worker] u.g.h.f.s.a.c.d.CommonDelegateImpl       : The value of the target header (Wiremock Header) :{Source-System=CFT, Request-Type=Assault, Request-Processed-At=2012-03-19T07:22:00Z, Accept=application/json, Subscription-Key=pointless, Request-Created-At=2012-03-19T07:22:00Z, Destination-System=CfT, Content-Type=application/json}
2020-12-10 15:20:01.952 DEBUG 17125 --- [    Test worker] u.g.h.f.s.a.c.test.SNLCommonHeaderTest   : After execution : test_destination_system_invalid_values
2020-12-10 15:20:01.958 DEBUG 17125 --- [    Test worker] u.g.h.f.s.a.c.test.SNLCommonHeaderTest   : Before execution : test_successful_response_for_content_type_with_charset_not_appended
2020-12-10 15:20:01.959 DEBUG 17125 --- [    Test worker] u.g.h.f.s.a.common.TestingUtils          : File Found : true
2020-12-10 15:20:01.960 DEBUG 17125 --- [    Test worker] u.g.h.f.s.a.c.d.CommonDelegateImpl       : The value of the target header (Header Map) : {Source-System=CFT, Request-Type=text, Request-Processed-At=2012-03-19T07:22:00Z, Accept=application/json;version=1.2, Subscription-Key=pointless, Request-Created-At=2012-03-19T07:22:00Z, Destination-System=S&L, Content-Type=application/json}
2020-12-10 15:20:01.960 DEBUG 17125 --- [    Test worker] u.g.h.f.s.a.c.d.CommonDelegateImpl       : The value of the target header (Wiremock Header) :{Source-System=CFT, Request-Type=text, Request-Processed-At=2012-03-19T07:22:00Z, Accept=application/json;version=1.2, Subscription-Key=pointless, Request-Created-At=2012-03-19T07:22:00Z, Destination-System=S&L, Content-Type=application/json}
2020-12-10 15:20:01.960 DEBUG 17125 --- [    Test worker] u.g.h.f.s.a.c.test.SNLCommonHeaderTest   : After execution : test_successful_response_for_content_type_with_charset_not_appended
2020-12-10 15:20:01.964 DEBUG 17125 --- [    Test worker] u.g.h.f.s.a.c.test.SNLCommonHeaderTest   : Before execution : test_successful_response_with_a_mandatory_header
2020-12-10 15:20:01.964 DEBUG 17125 --- [    Test worker] u.g.h.f.s.a.common.TestingUtils          : File Found : true
2020-12-10 15:20:01.965 DEBUG 17125 --- [    Test worker] u.g.h.f.s.a.c.d.CommonDelegateImpl       : The value of the target header (Header Map) : {Source-System=CFT, Request-Type=text, Request-Processed-At=2012-03-19T07:22:00Z, Accept=application/json;version=1.2, Subscription-Key=pointless, Request-Created-At=2012-03-19T07:22:00Z, Destination-System=S&L, Content-Type=application/json}
2020-12-10 15:20:01.965 DEBUG 17125 --- [    Test worker] u.g.h.f.s.a.c.d.CommonDelegateImpl       : The value of the target header (Wiremock Header) :{Source-System=CFT, Request-Type=text, Request-Processed-At=2012-03-19T07:22:00Z, Accept=application/json;version=1.2, Subscription-Key=pointless, Request-Created-At=2012-03-19T07:22:00Z, Destination-System=S&L, Content-Type=application/json}
2020-12-10 15:20:01.965 DEBUG 17125 --- [    Test worker] u.g.h.f.s.a.c.test.SNLCommonHeaderTest   : After execution : test_successful_response_with_a_mandatory_header
2020-12-10 15:20:01.969 DEBUG 17125 --- [    Test worker] u.g.h.f.s.a.c.test.SNLCommonHeaderTest   : Before execution : test_successful_response_with_a_complete_header
2020-12-10 15:20:01.969 DEBUG 17125 --- [    Test worker] u.g.h.f.s.a.common.TestingUtils          : File Found : true
2020-12-10 15:20:01.970 DEBUG 17125 --- [    Test worker] u.g.h.f.s.a.c.d.CommonDelegateImpl       : The value of the target header (Header Map) : {Source-System=CFT, Request-Type=text, Request-Processed-At=2012-03-19T07:22:00Z, Accept=application/json;version=1.2, Cache-Control=no-cache, Content-Encoding=null, Subscription-Key=pointless, Request-Created-At=2012-03-19T07:22:00Z, Destination-System=S&L, Content-Type=application/json}
2020-12-10 15:20:01.971 DEBUG 17125 --- [    Test worker] u.g.h.f.s.a.c.d.CommonDelegateImpl       : The value of the target header (Wiremock Header) :{Source-System=CFT, Request-Type=text, Request-Processed-At=2012-03-19T07:22:00Z, Accept=application/json;version=1.2, Cache-Control=no-cache, Content-Encoding=null, Subscription-Key=pointless, Request-Created-At=2012-03-19T07:22:00Z, Destination-System=S&L, Content-Type=application/json}
2020-12-10 15:20:01.972 DEBUG 17125 --- [    Test worker] u.g.h.f.s.a.c.test.SNLCommonHeaderTest   : After execution : test_successful_response_with_a_complete_header
2020-12-10 15:20:01.978 DEBUG 17125 --- [    Test worker] u.g.h.f.s.a.c.test.SNLCommonHeaderTest   : Before execution : test_successful_response_for_empty_json_body
2020-12-10 15:20:01.978 DEBUG 17125 --- [    Test worker] u.g.h.f.s.a.common.TestingUtils          : File Found : true
2020-12-10 15:20:01.979 DEBUG 17125 --- [    Test worker] u.g.h.f.s.a.c.d.CommonDelegateImpl       : The value of the target header (Header Map) : {Source-System=CFT, Request-Type=text, Request-Processed-At=2012-03-19T07:22:00Z, Accept=application/json;version=1.2, Subscription-Key=pointless, Request-Created-At=2012-03-19T07:22:00Z, Destination-System=S&L, Content-Type=application/json}
2020-12-10 15:20:01.980 DEBUG 17125 --- [    Test worker] u.g.h.f.s.a.c.d.CommonDelegateImpl       : The value of the target header (Wiremock Header) :{Source-System=CFT, Request-Type=text, Request-Processed-At=2012-03-19T07:22:00Z, Accept=application/json;version=1.2, Subscription-Key=pointless, Request-Created-At=2012-03-19T07:22:00Z, Destination-System=S&L, Content-Type=application/json}
2020-12-10 15:20:01.980 DEBUG 17125 --- [    Test worker] u.g.h.f.s.a.c.test.SNLCommonHeaderTest   : After execution : test_successful_response_for_empty_json_body
2020-12-10 15:20:01.984 DEBUG 17125 --- [    Test worker] u.g.h.f.s.a.c.test.SNLCommonHeaderTest   : Test execution Class Completed: uk.gov.hmcts.futurehearings.snl.acceptance.hearings.POSTHearingsValidationTest
]]></system-out>
  <system-err><![CDATA[]]></system-err>
</testsuite>
